01/11/2014 06:12:57 PM INFO: TubeChallenge - START
01/11/2014 06:12:57 PM DEBUG: GetDatabaseShortestRoute: Shortest route returned from database without error
01/11/2014 06:12:57 PM DEBUG: GetDatabaseShortestRoute: Shortest route: 1120.505
01/11/2014 06:12:57 PM DEBUG: GetAllDistancesFromDatabase: Process run without error
01/11/2014 06:12:57 PM DEBUG: GetAllDistancesFromDatabase: Process run without error
01/11/2014 06:12:57 PM DEBUG: GetAllDistancesFromDatabase: Process run without error
01/11/2014 06:12:57 PM DEBUG: GetAllDistancesFromDatabase: Process run without error
01/11/2014 06:12:57 PM DEBUG: GetAllDistancesFromDatabase: Process run without error
01/11/2014 06:12:57 PM DEBUG: GetAllDistancesFromDatabase: Process run without error
01/11/2014 06:12:57 PM DEBUG: GetAllDistancesFromDatabase: Process run without error
01/11/2014 06:12:57 PM DEBUG: GetAllDistancesFromDatabase: Process run without error
01/11/2014 06:12:57 PM DEBUG: GetAllDistancesFromDatabase: Process run without error
01/11/2014 06:12:57 PM DEBUG: GetAllDistancesFromDatabase: Process run without error
01/11/2014 06:12:57 PM DEBUG: GetAllDistancesFromDatabase: Process run without error
01/11/2014 06:12:57 PM DEBUG: GetAllDistancesFromDatabase: Process run without error
01/11/2014 06:12:57 PM DEBUG: GetAllDistancesFromDatabase: Process run without error
01/11/2014 06:12:57 PM DEBUG: GetAllDistancesFromDatabase: Process run without error
01/11/2014 06:12:57 PM DEBUG: GetAllDistancesFromDatabase: Process run without error
01/11/2014 06:12:57 PM DEBUG: GetAllDistancesFromDatabase: Process run without error
01/11/2014 06:12:57 PM DEBUG: GetAllDistancesFromDatabase: Process run without error
01/11/2014 06:12:57 PM DEBUG: GetAllDistancesFromDatabase: Process run without error
01/11/2014 06:12:57 PM DEBUG: GetAllDistancesFromDatabase: Process run without error
01/11/2014 06:12:57 PM DEBUG: GetAllDistancesFromDatabase: Process run without error
01/11/2014 06:12:57 PM DEBUG: GetAllDistancesFromDatabase: Process run without error
01/11/2014 06:12:57 PM DEBUG: GetAllDistancesFromDatabase: Process run without error
01/11/2014 06:12:57 PM DEBUG: GetAllDistancesFromDatabase: Process run without error
01/11/2014 06:12:58 PM DEBUG: GetAllDistancesFromDatabase: Process run without error
01/11/2014 06:12:58 PM DEBUG: GetAllDistancesFromDatabase: Process run without error
01/11/2014 06:12:58 PM DEBUG: GetAllDistancesFromDatabase: Process run without error
01/11/2014 06:12:58 PM DEBUG: GetAllDistancesFromDatabase: Process run without error
01/11/2014 06:12:58 PM DEBUG: GetAllDistancesFromDatabase: Process run without error
01/11/2014 06:12:58 PM DEBUG: GetAllDistancesFromDatabase: Process run without error
01/11/2014 06:12:58 PM DEBUG: GetAllDistancesFromDatabase: Process run without error
01/11/2014 06:12:58 PM DEBUG: GetAllDistancesFromDatabase: Process run without error
01/11/2014 06:12:58 PM DEBUG: GetAllDistancesFromDatabase: Process run without error
01/11/2014 06:12:58 PM DEBUG: CreateRandomRoute: Process run without error
01/11/2014 06:12:58 PM DEBUG: CreateRandomRoute: Random route generated: 
['MORDEN', 'SOUTH WIMBLEDON', 'COLLIERS WOOD', 'TOOTING BROADWAY', 'TOOTING BEC', 'BALHAM', 'CLAPHAM SOUTH', 'CLAPHAM COMMON', 'CLAPHAM NORTH', 'STOCKWELL', 'BRIXTON', 'STOCKWELL', 'OVAL', 'KENNINGTON', 'ELEPHANT & CASTLE', 'LAMBETH NORTH', 'WATERLOO', 'SOUTHWARK', 'LONDON BRIDGE', 'BOROUGH', 'LONDON BRIDGE', 'BANK', 'MOORGATE', 'BARBICAN', 'FARRINGDON', 'KINGS CROSS ST PANCRAS', 'EUSTON', 'MORNINGTON CRESCENT', 'CAMDEN TOWN', 'CHALK FARM', 'BELSIZE PARK', 'HAMPSTEAD', 'GOLDERS GREEN', 'BRENT CROSS', 'HENDON CENTRAL', 'COLINDALE', 'BURNT OAK', 'EDGWARE', 'CANONS PARK', 'STANMORE', 'CANONS PARK', 'QUEENSBURY', 'KINGSBURY', 'WEMBLEY PARK', 'PRESTON ROAD', 'NORTHWICK PARK', 'HARROW-ON-THE-HILL', 'WEST HARROW', 'RAYNERS LANE', 'EASTCOTE', 'RUISLIP MANOR', 'RUISLIP', 'ICKENHAM', 'HILLINGDON', 'UXBRIDGE', 'HILLINGDON', 'ICKENHAM', 'RUISLIP', 'RUISLIP MANOR', 'EASTCOTE', 'RAYNERS LANE', 'SOUTH HARROW', 'SUDBURY HILL', 'SUDBURY TOWN', 'ALPERTON', 'PARK ROYAL', 'NORTH EALING', 'EALING COMMON', 'EALING BROADWAY', 'WEST ACTON', 'NORTH ACTON', 'EAST ACTON', 'WHITE CITY', 'SHEPHERDS BUSH', 'HOLLAND PARK', 'NOTTING HILL GATE', 'QUEENSWAY', 'LANCASTER GATE', 'MARBLE ARCH', 'BOND STREET', 'OXFORD CIRCUS', 'TOTTENHAM COURT ROAD', 'LEICESTER SQUARE', 'COVENT GARDEN', 'HOLBORN', 'CHANCERY LANE', 'ST PAULS', 'MANSION HOUSE', 'CANNON STREET', 'MONUMENT', 'TOWER HILL', 'ALDGATE EAST', 'WHITECHAPEL', 'STEPNEY GREEN', 'MILE END', 'BOW ROAD', 'BROMLEY BY BOW', 'WEST HAM', 'PLAISTOW', 'UPTON PARK', 'EAST HAM', 'BARKING', 'UPNEY', 'BECONTREE', 'DAGENHAM HEATHWAY', 'DAGENHAM EAST', 'ELM PARK', 'HORNCHURCH', 'UPMINSTER BRIDGE', 'UPMINSTER', 'UPMINSTER BRIDGE', 'HORNCHURCH', 'ELM PARK', 'DAGENHAM EAST', 'DAGENHAM HEATHWAY', 'BECONTREE', 'UPNEY', 'BARKING', 'EAST HAM', 'UPTON PARK', 'PLAISTOW', 'WEST HAM', 'BROMLEY BY BOW', 'BOW ROAD', 'MILE END', 'BETHNAL GREEN', 'LIVERPOOL STREET', 'ALDGATE', 'LIVERPOOL STREET', 'MOORGATE', 'OLD STREET', 'ANGEL', 'KINGS CROSS ST PANCRAS', 'EUSTON SQUARE', 'GREAT PORTLAND STREET', 'REGENTS PARK', 'BAKER STREET', 'MARYLEBONE', 'EDGWARE ROAD', 'PADDINGTON', 'ROYAL OAK', 'WESTBOURNE PARK', 'LADBROKE GROVE', 'LATIMER ROAD', 'WOOD LANE', 'SHEPHERDS BUSH MARKET', 'GOLDHAWK ROAD', 'HAMMERSMITH', 'RAVENSCOURT PARK', 'STAMFORD BROOK', 'TURNHAM GREEN', 'CHISWICK PARK', 'ACTON TOWN', 'SOUTH EALING', 'NORTHFIELDS', 'BOSTON MANOR', 'OSTERLEY', 'HOUNSLOW EAST', 'HOUNSLOW CENTRAL', 'HOUNSLOW WEST', 'HATTON CROSS', 'HEATHROW TERMINAL FOUR', 'HEATHROW 123', 'HEATHROW 5', 'HEATHROW 123', 'HATTON CROSS', 'HOUNSLOW WEST', 'HOUNSLOW CENTRAL', 'HOUNSLOW EAST', 'OSTERLEY', 'BOSTON MANOR', 'NORTHFIELDS', 'SOUTH EALING', 'ACTON TOWN', 'CHISWICK PARK', 'TURNHAM GREEN', 'GUNNERSBURY', 'KEW GARDENS', 'RICHMOND', 'KEW GARDENS', 'GUNNERSBURY', 'WILLESDEN JUNCTION', 'HARLESDEN', 'STONEBRIDGE PARK', 'WEMBLEY CENTRAL', 'NORTH WEMBLEY', 'SOUTH KENTON', 'KENTON', 'HARROW & WEALDSTONE', 'KENTON', 'NORTHWICK PARK', 'HARROW-ON-THE-HILL', 'NORTH HARROW', 'PINNER', 'NORTHWOOD HILLS', 'NORTHWOOD', 'MOOR PARK', 'CROXLEY', 'WATFORD', 'CROXLEY', 'MOOR PARK', 'RICKMANSWORTH', 'CHORLEYWOOD', 'CHALFONT & LATIMER', 'AMERSHAM', 'CHALFONT & LATIMER', 'CHESHAM', 'CHALFONT & LATIMER', 'CHORLEYWOOD', 'RICKMANSWORTH', 'MOOR PARK', 'HARROW-ON-THE-HILL', 'FINCHLEY ROAD', 'SWISS COTTAGE', 'ST JOHNS WOOD', 'SWISS COTTAGE', 'FINCHLEY ROAD', 'WEST HAMPSTEAD', 'KILBURN', 'WILLESDEN GREEN', 'DOLLIS HILL', 'NEASDEN', 'DOLLIS HILL', 'WILLESDEN GREEN', 'KILBURN', 'WEST HAMPSTEAD', 'WILLESDEN JUNCTION', 'KENSAL GREEN', 'QUEENS PARK', 'KILBURN PARK', 'MAIDA VALE', 'WARWICK AVENUE', 'PADDINGTON', 'BAYSWATER', 'NOTTING HILL GATE', 'HIGH STREET KENSINGTON', 'GLOUCESTER ROAD', 'SOUTH KENSINGTON', 'SLOANE SQUARE', 'VICTORIA', 'ST JAMES PARK', 'WESTMINSTER', 'EMBANKMENT', 'CHARING CROSS', 'PICCADILLY CIRCUS', 'GREEN PARK', 'HYDE PARK CORNER', 'KNIGHTSBRIDGE', 'HYDE PARK CORNER', 'GREEN PARK', 'OXFORD CIRCUS', 'WARREN STREET', 'GOODGE STREET', 'TOTTENHAM COURT ROAD', 'LEICESTER SQUARE', 'CHARING CROSS', 'EMBANKMENT', 'TEMPLE', 'BLACKFRIARS', 'TEMPLE', 'EMBANKMENT', 'CHARING CROSS', 'LEICESTER SQUARE', 'COVENT GARDEN', 'HOLBORN', 'RUSSELL SQUARE', 'KINGS CROSS ST PANCRAS', 'HIGHBURY', 'FINSBURY PARK', 'ARSENAL', 'HOLLOWAY ROAD', 'CALEDONIAN ROAD', 'HOLLOWAY ROAD', 'ARSENAL', 'FINSBURY PARK', 'MANOR HOUSE', 'TURNPIKE LANE', 'WOOD GREEN', 'BOUNDS GREEN', 'ARNOS GROVE', 'SOUTHGATE', 'OAKWOOD', 'COCKFOSTERS', 'HIGH BARNET', 'TOTTERIDGE & WHETSTONE', 'WOODSIDE PARK', 'WEST FINCHLEY', 'FINCHLEY CENTRAL', 'MILL HILL EAST', 'FINCHLEY CENTRAL', 'EAST FINCHLEY', 'HIGHGATE', 'ARCHWAY', 'TUFNELL PARK', 'KENTISH TOWN', 'CAMDEN TOWN', 'MORNINGTON CRESCENT', 'EUSTON', 'WARREN STREET', 'OXFORD CIRCUS', 'GREEN PARK', 'VICTORIA', 'PIMLICO', 'VAUXHALL', 'PIMLICO', 'VICTORIA', 'SLOANE SQUARE', 'SOUTH KENSINGTON', 'GLOUCESTER ROAD', 'EARLS COURT', 'WEST KENSINGTON', 'BARONS COURT', 'EARLS COURT', 'WEST BROMPTON', 'FULHAM BROADWAY', 'PARSONS GREEN', 'PUTNEY BRIDGE', 'EAST PUTNEY', 'SOUTHFIELDS', 'WIMBLEDON PARK', 'WIMBLEDON', 'WIMBLEDON PARK', 'SOUTHFIELDS', 'EAST PUTNEY', 'PUTNEY BRIDGE', 'PARSONS GREEN', 'FULHAM BROADWAY', 'WEST BROMPTON', 'KENSINGTON (OLYMPIA)', 'SHEPHERDS BUSH', 'WHITE CITY', 'EAST ACTON', 'NORTH ACTON', 'HANGER LANE', 'PERIVALE', 'GREENFORD', 'NORTHOLT', 'SOUTH RUISLIP', 'RUISLIP GARDENS', 'WEST RUISLIP', 'RUISLIP GARDENS', 'SOUTH RUISLIP', 'NORTHOLT', 'GREENFORD', 'PERIVALE', 'HANGER LANE', 'NORTH ACTON', 'EAST ACTON', 'WHITE CITY', 'SHEPHERDS BUSH', 'HOLLAND PARK', 'NOTTING HILL GATE', 'QUEENSWAY', 'LANCASTER GATE', 'MARBLE ARCH', 'BOND STREET', 'GREEN PARK', 'WESTMINSTER', 'WATERLOO', 'SOUTHWARK', 'LONDON BRIDGE', 'BERMONDSEY', 'CANADA WATER', 'CANARY WHARF', 'NORTH GREENWICH', 'CANNING TOWN', 'WEST HAM', 'STRATFORD', 'LEYTON', 'LEYTONSTONE', 'SNARESBROOK', 'SOUTH WOODFORD', 'WOODFORD', 'RODING VALLEY', 'CHIGWELL', 'GRANGE HILL', 'HAINAULT', 'FAIRLOP', 'BARKINGSIDE', 'NEWBURY PARK', 'GANTS HILL', 'REDBRIDGE', 'WANSTEAD', 'LEYTONSTONE', 'SNARESBROOK', 'SOUTH WOODFORD', 'WOODFORD', 'BUCKHURST HILL', 'LOUGHTON', 'DEBDEN', 'THEYDON BOIS', 'EPPING', 'THEYDON BOIS', 'DEBDEN', 'LOUGHTON', 'BUCKHURST HILL', 'WOODFORD', 'SOUTH WOODFORD', 'SNARESBROOK', 'LEYTONSTONE', 'WALTHAMSTOW', 'BLACKHORSE ROAD', 'TOTTENHAM HALE', 'SEVEN SISTERS']
01/11/2014 06:12:58 PM DEBUG: StationsOnTheSameLine: Process run without error
01/11/2014 06:12:58 PM DEBUG: StationsOnTheSameLine: Process run without error
01/11/2014 06:12:58 PM DEBUG: StationsOnTheSameLine: Process run without error
01/11/2014 06:12:58 PM DEBUG: StationsOnTheSameLine: Process run without error
01/11/2014 06:12:58 PM DEBUG: StationsOnTheSameLine: Process run without error
01/11/2014 06:12:58 PM DEBUG: StationsOnTheSameLine: Process run without error
01/11/2014 06:12:58 PM DEBUG: StationsOnTheSameLine: Process run without error
01/11/2014 06:12:58 PM DEBUG: StationsOnTheSameLine: Process run without error
01/11/2014 06:12:58 PM DEBUG: StationsOnTheSameLine: Process run without error
01/11/2014 06:12:58 PM DEBUG: StationsOnTheSameLine: Process run without error
01/11/2014 06:12:58 PM DEBUG: StationsOnTheSameLine: Process run without error
01/11/2014 06:12:58 PM DEBUG: StationsOnTheSameLine: Process run without error
01/11/2014 06:12:58 PM DEBUG: StationsOnTheSameLine: Process run without error
01/11/2014 06:12:58 PM DEBUG: StationsOnTheSameLine: Process run without error
01/11/2014 06:12:58 PM DEBUG: StationsOnTheSameLine: Process run without error
01/11/2014 06:12:58 PM DEBUG: StationsOnTheSameLine: Process run without error
01/11/2014 06:12:58 PM DEBUG: StationsOnTheSameLine: Process run without error
01/11/2014 06:12:58 PM DEBUG: StationsOnTheSameLine: Process run without error
01/11/2014 06:12:58 PM DEBUG: StationsOnTheSameLine: Process run without error
01/11/2014 06:12:58 PM DEBUG: StationsOnTheSameLine: Process run without error
01/11/2014 06:12:58 PM DEBUG: StationsOnTheSameLine: Process run without error
01/11/2014 06:12:58 PM DEBUG: StationsOnTheSameLine: Process run without error
01/11/2014 06:12:58 PM DEBUG: StationsOnTheSameLine: Process run without error
01/11/2014 06:12:58 PM DEBUG: StationsOnTheSameLine: Process run without error
01/11/2014 06:12:58 PM DEBUG: StationsOnTheSameLine: Process run without error
01/11/2014 06:12:58 PM DEBUG: StationsOnTheSameLine: Process run without error
01/11/2014 06:12:58 PM DEBUG: StationsOnTheSameLine: Process run without error
01/11/2014 06:12:58 PM DEBUG: StationsOnTheSameLine: Process run without error
01/11/2014 06:12:58 PM DEBUG: StationsOnTheSameLine: Process run without error
01/11/2014 06:12:58 PM DEBUG: StationsOnTheSameLine: Process run without error
01/11/2014 06:12:58 PM DEBUG: StationsOnTheSameLine: Process run without error
01/11/2014 06:12:58 PM DEBUG: StationsOnTheSameLine: Process run without error
01/11/2014 06:12:58 PM DEBUG: StationsOnTheSameLine: Process run without error
01/11/2014 06:12:58 PM DEBUG: StationsOnTheSameLine: Process run without error
01/11/2014 06:12:58 PM DEBUG: StationsOnTheSameLine: Process run without error
01/11/2014 06:12:58 PM DEBUG: StationsOnTheSameLine: Process run without error
01/11/2014 06:12:58 PM DEBUG: StationsOnTheSameLine: Process run without error
01/11/2014 06:12:58 PM DEBUG: StationsOnTheSameLine: Process run without error
01/11/2014 06:12:58 PM DEBUG: StationsOnTheSameLine: Process run without error
01/11/2014 06:12:58 PM DEBUG: StationsOnTheSameLine: Process run without error
01/11/2014 06:12:58 PM DEBUG: StationsOnTheSameLine: Process run without error
01/11/2014 06:12:58 PM DEBUG: StationsOnTheSameLine: Process run without error
01/11/2014 06:12:58 PM DEBUG: StationsOnTheSameLine: Process run without error
01/11/2014 06:12:58 PM DEBUG: StationsOnTheSameLine: Process run without error
01/11/2014 06:12:58 PM DEBUG: StationsOnTheSameLine: Process run without error
01/11/2014 06:12:58 PM DEBUG: StationsOnTheSameLine: Process run without error
01/11/2014 06:12:58 PM DEBUG: StationsOnTheSameLine: Process run without error
01/11/2014 06:12:58 PM DEBUG: StationsOnTheSameLine: Process run without error
01/11/2014 06:12:58 PM DEBUG: StationsOnTheSameLine: Process run without error
01/11/2014 06:12:58 PM DEBUG: StationsOnTheSameLine: Process run without error
01/11/2014 06:12:58 PM DEBUG: StationsOnTheSameLine: Process run without error
01/11/2014 06:12:58 PM DEBUG: StationsOnTheSameLine: Process run without error
01/11/2014 06:12:58 PM DEBUG: StationsOnTheSameLine: Process run without error
01/11/2014 06:12:58 PM DEBUG: StationsOnTheSameLine: Process run without error
01/11/2014 06:12:58 PM DEBUG: StationsOnTheSameLine: Process run without error
01/11/2014 06:12:58 PM DEBUG: StationsOnTheSameLine: Process run without error
01/11/2014 06:12:58 PM DEBUG: StationsOnTheSameLine: Process run without error
01/11/2014 06:12:58 PM DEBUG: StationsOnTheSameLine: Process run without error
01/11/2014 06:12:58 PM DEBUG: StationsOnTheSameLine: Process run without error
01/11/2014 06:12:58 PM DEBUG: StationsOnTheSameLine: Process run without error
01/11/2014 06:12:58 PM DEBUG: StationsOnTheSameLine: Process run without error
01/11/2014 06:12:58 PM DEBUG: StationsOnTheSameLine: Process run without error
01/11/2014 06:12:58 PM DEBUG: StationsOnTheSameLine: Process run without error
01/11/2014 06:12:58 PM DEBUG: StationsOnTheSameLine: Process run without error
01/11/2014 06:12:58 PM DEBUG: StationsOnTheSameLine: Process run without error
01/11/2014 06:12:58 PM DEBUG: StationsOnTheSameLine: Process run without error
01/11/2014 06:12:58 PM DEBUG: StationsOnTheSameLine: Process run without error
01/11/2014 06:12:58 PM DEBUG: StationsOnTheSameLine: Process run without error
01/11/2014 06:12:58 PM DEBUG: StationsOnTheSameLine: Process run without error
01/11/2014 06:12:58 PM DEBUG: StationsOnTheSameLine: Process run without error
01/11/2014 06:12:58 PM DEBUG: StationsOnTheSameLine: Process run without error
01/11/2014 06:12:58 PM DEBUG: StationsOnTheSameLine: Process run without error
01/11/2014 06:12:58 PM DEBUG: StationsOnTheSameLine: Process run without error
01/11/2014 06:12:58 PM DEBUG: StationsOnTheSameLine: Process run without error
01/11/2014 06:12:58 PM DEBUG: StationsOnTheSameLine: Process run without error
01/11/2014 06:12:58 PM DEBUG: StationsOnTheSameLine: Process run without error
01/11/2014 06:12:58 PM DEBUG: StationsOnTheSameLine: Process run without error
01/11/2014 06:12:58 PM DEBUG: StationsOnTheSameLine: Process run without error
01/11/2014 06:12:58 PM DEBUG: StationsOnTheSameLine: Process run without error
01/11/2014 06:12:58 PM DEBUG: StationsOnTheSameLine: Process run without error
01/11/2014 06:12:58 PM DEBUG: StationsOnTheSameLine: Process run without error
01/11/2014 06:12:58 PM DEBUG: StationsOnTheSameLine: Process run without error
01/11/2014 06:12:58 PM DEBUG: StationsOnTheSameLine: Process run without error
01/11/2014 06:12:58 PM DEBUG: StationsOnTheSameLine: Process run without error
01/11/2014 06:12:58 PM DEBUG: StationsOnTheSameLine: Process run without error
01/11/2014 06:12:58 PM DEBUG: StationsOnTheSameLine: Process run without error
01/11/2014 06:12:58 PM DEBUG: StationsOnTheSameLine: Process run without error
01/11/2014 06:12:58 PM DEBUG: StationsOnTheSameLine: Process run without error
01/11/2014 06:12:58 PM DEBUG: StationsOnTheSameLine: Process run without error
01/11/2014 06:12:58 PM DEBUG: StationsOnTheSameLine: Process run without error
01/11/2014 06:12:58 PM DEBUG: StationsOnTheSameLine: Process run without error
01/11/2014 06:12:58 PM DEBUG: StationsOnTheSameLine: Process run without error
01/11/2014 06:12:58 PM DEBUG: StationsOnTheSameLine: Process run without error
01/11/2014 06:12:58 PM DEBUG: StationsOnTheSameLine: Process run without error
01/11/2014 06:12:58 PM DEBUG: StationsOnTheSameLine: Process run without error
01/11/2014 06:12:58 PM DEBUG: StationsOnTheSameLine: Process run without error
01/11/2014 06:12:58 PM DEBUG: StationsOnTheSameLine: Process run without error
01/11/2014 06:12:58 PM DEBUG: StationsOnTheSameLine: Process run without error
01/11/2014 06:12:58 PM DEBUG: StationsOnTheSameLine: Process run without error
01/11/2014 06:12:58 PM DEBUG: StationsOnTheSameLine: Process run without error
01/11/2014 06:12:58 PM DEBUG: StationsOnTheSameLine: Process run without error
01/11/2014 06:12:58 PM DEBUG: StationsOnTheSameLine: Process run without error
01/11/2014 06:12:58 PM DEBUG: StationsOnTheSameLine: Process run without error
01/11/2014 06:12:58 PM DEBUG: StationsOnTheSameLine: Process run without error
01/11/2014 06:12:58 PM DEBUG: StationsOnTheSameLine: Process run without error
01/11/2014 06:12:58 PM DEBUG: StationsOnTheSameLine: Process run without error
01/11/2014 06:12:58 PM DEBUG: StationsOnTheSameLine: Process run without error
01/11/2014 06:12:58 PM DEBUG: StationsOnTheSameLine: Process run without error
01/11/2014 06:12:58 PM DEBUG: StationsOnTheSameLine: Process run without error
01/11/2014 06:12:58 PM DEBUG: StationsOnTheSameLine: Process run without error
01/11/2014 06:12:58 PM DEBUG: StationsOnTheSameLine: Process run without error
01/11/2014 06:12:58 PM DEBUG: StationsOnTheSameLine: Process run without error
01/11/2014 06:12:58 PM DEBUG: StationsOnTheSameLine: Process run without error
01/11/2014 06:12:58 PM DEBUG: StationsOnTheSameLine: Process run without error
01/11/2014 06:12:58 PM DEBUG: StationsOnTheSameLine: Process run without error
01/11/2014 06:12:58 PM DEBUG: StationsOnTheSameLine: Process run without error
01/11/2014 06:12:58 PM DEBUG: StationsOnTheSameLine: Process run without error
01/11/2014 06:12:58 PM DEBUG: StationsOnTheSameLine: Process run without error
01/11/2014 06:12:58 PM DEBUG: StationsOnTheSameLine: Process run without error
01/11/2014 06:12:58 PM DEBUG: StationsOnTheSameLine: Process run without error
01/11/2014 06:12:58 PM DEBUG: StationsOnTheSameLine: Process run without error
01/11/2014 06:12:58 PM DEBUG: StationsOnTheSameLine: Process run without error
01/11/2014 06:12:58 PM DEBUG: StationsOnTheSameLine: Process run without error
01/11/2014 06:12:58 PM DEBUG: StationsOnTheSameLine: Process run without error
01/11/2014 06:12:58 PM DEBUG: StationsOnTheSameLine: Process run without error
01/11/2014 06:12:58 PM DEBUG: StationsOnTheSameLine: Process run without error
01/11/2014 06:12:58 PM DEBUG: StationsOnTheSameLine: Process run without error
01/11/2014 06:12:58 PM DEBUG: StationsOnTheSameLine: Process run without error
01/11/2014 06:12:58 PM DEBUG: StationsOnTheSameLine: Process run without error
01/11/2014 06:12:58 PM DEBUG: StationsOnTheSameLine: Process run without error
01/11/2014 06:12:58 PM DEBUG: StationsOnTheSameLine: Process run without error
01/11/2014 06:12:58 PM DEBUG: StationsOnTheSameLine: Process run without error
01/11/2014 06:12:58 PM DEBUG: StationsOnTheSameLine: Process run without error
01/11/2014 06:12:58 PM DEBUG: StationsOnTheSameLine: Process run without error
01/11/2014 06:12:58 PM DEBUG: StationsOnTheSameLine: Process run without error
01/11/2014 06:12:58 PM DEBUG: StationsOnTheSameLine: Process run without error
01/11/2014 06:12:58 PM DEBUG: StationsOnTheSameLine: Process run without error
01/11/2014 06:12:58 PM DEBUG: StationsOnTheSameLine: Process run without error
01/11/2014 06:12:58 PM DEBUG: StationsOnTheSameLine: Process run without error
01/11/2014 06:12:58 PM DEBUG: StationsOnTheSameLine: Process run without error
01/11/2014 06:12:58 PM DEBUG: StationsOnTheSameLine: Process run without error
01/11/2014 06:12:58 PM DEBUG: StationsOnTheSameLine: Process run without error
01/11/2014 06:12:58 PM DEBUG: StationsOnTheSameLine: Process run without error
01/11/2014 06:12:58 PM DEBUG: StationsOnTheSameLine: Process run without error
01/11/2014 06:12:58 PM DEBUG: StationsOnTheSameLine: Process run without error
01/11/2014 06:12:58 PM DEBUG: StationsOnTheSameLine: Process run without error
01/11/2014 06:12:58 PM DEBUG: StationsOnTheSameLine: Process run without error
01/11/2014 06:12:58 PM DEBUG: StationsOnTheSameLine: Process run without error
01/11/2014 06:12:58 PM DEBUG: StationsOnTheSameLine: Process run without error
01/11/2014 06:12:58 PM DEBUG: StationsOnTheSameLine: Process run without error
01/11/2014 06:12:58 PM DEBUG: StationsOnTheSameLine: Process run without error
01/11/2014 06:12:58 PM DEBUG: StationsOnTheSameLine: Process run without error
01/11/2014 06:12:58 PM DEBUG: StationsOnTheSameLine: Process run without error
01/11/2014 06:12:58 PM DEBUG: StationsOnTheSameLine: Process run without error
01/11/2014 06:12:58 PM DEBUG: StationsOnTheSameLine: Process run without error
01/11/2014 06:12:58 PM DEBUG: StationsOnTheSameLine: Process run without error
01/11/2014 06:12:58 PM DEBUG: StationsOnTheSameLine: Process run without error
01/11/2014 06:12:58 PM DEBUG: StationsOnTheSameLine: Process run without error
01/11/2014 06:12:58 PM DEBUG: StationsOnTheSameLine: Process run without error
01/11/2014 06:12:58 PM DEBUG: StationsOnTheSameLine: Process run without error
01/11/2014 06:12:58 PM DEBUG: StationsOnTheSameLine: Process run without error
01/11/2014 06:12:58 PM DEBUG: StationsOnTheSameLine: Process run without error
01/11/2014 06:12:58 PM DEBUG: StationsOnTheSameLine: Process run without error
01/11/2014 06:12:58 PM DEBUG: StationsOnTheSameLine: Process run without error
01/11/2014 06:12:58 PM DEBUG: StationsOnTheSameLine: Process run without error
01/11/2014 06:12:58 PM DEBUG: StationsOnTheSameLine: Process run without error
01/11/2014 06:12:58 PM DEBUG: StationsOnTheSameLine: Process run without error
01/11/2014 06:12:58 PM DEBUG: StationsOnTheSameLine: Process run without error
01/11/2014 06:12:58 PM DEBUG: StationsOnTheSameLine: Process run without error
01/11/2014 06:12:58 PM DEBUG: StationsOnTheSameLine: Process run without error
01/11/2014 06:12:58 PM DEBUG: StationsOnTheSameLine: Process run without error
01/11/2014 06:12:58 PM DEBUG: StationsOnTheSameLine: Process run without error
01/11/2014 06:12:58 PM DEBUG: StationsOnTheSameLine: Process run without error
01/11/2014 06:12:58 PM DEBUG: StationsOnTheSameLine: Process run without error
01/11/2014 06:12:58 PM DEBUG: StationsOnTheSameLine: Process run without error
01/11/2014 06:12:58 PM DEBUG: StationsOnTheSameLine: Process run without error
01/11/2014 06:12:58 PM DEBUG: StationsOnTheSameLine: Process run without error
01/11/2014 06:12:58 PM DEBUG: StationsOnTheSameLine: Process run without error
01/11/2014 06:12:58 PM DEBUG: StationsOnTheSameLine: Process run without error
01/11/2014 06:12:58 PM DEBUG: StationsOnTheSameLine: Process run without error
01/11/2014 06:12:58 PM DEBUG: StationsOnTheSameLine: Process run without error
01/11/2014 06:12:58 PM DEBUG: StationsOnTheSameLine: Process run without error
01/11/2014 06:12:58 PM DEBUG: StationsOnTheSameLine: Process run without error
01/11/2014 06:12:58 PM DEBUG: StationsOnTheSameLine: Process run without error
01/11/2014 06:12:58 PM DEBUG: StationsOnTheSameLine: Process run without error
01/11/2014 06:12:58 PM DEBUG: StationsOnTheSameLine: Process run without error
01/11/2014 06:12:58 PM DEBUG: StationsOnTheSameLine: Process run without error
01/11/2014 06:12:58 PM DEBUG: StationsOnTheSameLine: Process run without error
01/11/2014 06:12:58 PM DEBUG: StationsOnTheSameLine: Process run without error
01/11/2014 06:12:58 PM DEBUG: StationsOnTheSameLine: Process run without error
01/11/2014 06:12:58 PM DEBUG: StationsOnTheSameLine: Process run without error
01/11/2014 06:12:58 PM DEBUG: StationsOnTheSameLine: Process run without error
01/11/2014 06:12:58 PM DEBUG: StationsOnTheSameLine: Process run without error
01/11/2014 06:12:58 PM DEBUG: StationsOnTheSameLine: Process run without error
01/11/2014 06:12:58 PM DEBUG: StationsOnTheSameLine: Process run without error
01/11/2014 06:12:58 PM DEBUG: StationsOnTheSameLine: Process run without error
01/11/2014 06:12:58 PM DEBUG: StationsOnTheSameLine: Process run without error
01/11/2014 06:12:58 PM DEBUG: StationsOnTheSameLine: Process run without error
01/11/2014 06:12:58 PM DEBUG: StationsOnTheSameLine: Process run without error
01/11/2014 06:12:58 PM DEBUG: StationsOnTheSameLine: Process run without error
01/11/2014 06:12:58 PM DEBUG: StationsOnTheSameLine: Process run without error
01/11/2014 06:12:58 PM DEBUG: StationsOnTheSameLine: Process run without error
01/11/2014 06:12:58 PM DEBUG: StationsOnTheSameLine: Process run without error
01/11/2014 06:12:58 PM DEBUG: StationsOnTheSameLine: Process run without error
01/11/2014 06:12:58 PM DEBUG: StationsOnTheSameLine: Process run without error
01/11/2014 06:12:58 PM DEBUG: StationsOnTheSameLine: Process run without error
01/11/2014 06:12:58 PM DEBUG: StationsOnTheSameLine: Process run without error
01/11/2014 06:12:58 PM DEBUG: StationsOnTheSameLine: Process run without error
01/11/2014 06:12:58 PM DEBUG: StationsOnTheSameLine: Process run without error
01/11/2014 06:12:58 PM DEBUG: StationsOnTheSameLine: Process run without error
01/11/2014 06:12:58 PM DEBUG: StationsOnTheSameLine: Process run without error
01/11/2014 06:12:58 PM DEBUG: StationsOnTheSameLine: Process run without error
01/11/2014 06:12:58 PM DEBUG: StationsOnTheSameLine: Process run without error
01/11/2014 06:12:58 PM DEBUG: StationsOnTheSameLine: Process run without error
01/11/2014 06:12:58 PM DEBUG: StationsOnTheSameLine: Process run without error
01/11/2014 06:12:58 PM DEBUG: StationsOnTheSameLine: Process run without error
01/11/2014 06:12:58 PM DEBUG: StationsOnTheSameLine: Process run without error
01/11/2014 06:12:58 PM DEBUG: StationsOnTheSameLine: Process run without error
01/11/2014 06:12:58 PM DEBUG: StationsOnTheSameLine: Process run without error
01/11/2014 06:12:58 PM DEBUG: StationsOnTheSameLine: Process run without error
01/11/2014 06:12:58 PM DEBUG: StationsOnTheSameLine: Process run without error
01/11/2014 06:12:58 PM DEBUG: StationsOnTheSameLine: Process run without error
01/11/2014 06:12:58 PM DEBUG: StationsOnTheSameLine: Process run without error
01/11/2014 06:12:58 PM DEBUG: StationsOnTheSameLine: Process run without error
01/11/2014 06:12:58 PM DEBUG: StationsOnTheSameLine: Process run without error
01/11/2014 06:12:58 PM DEBUG: StationsOnTheSameLine: Process run without error
01/11/2014 06:12:58 PM DEBUG: StationsOnTheSameLine: Process run without error
01/11/2014 06:12:58 PM DEBUG: StationsOnTheSameLine: Process run without error
01/11/2014 06:12:58 PM DEBUG: StationsOnTheSameLine: Process run without error
01/11/2014 06:12:58 PM DEBUG: StationsOnTheSameLine: Process run without error
01/11/2014 06:12:58 PM DEBUG: StationsOnTheSameLine: Process run without error
01/11/2014 06:12:58 PM DEBUG: StationsOnTheSameLine: Process run without error
01/11/2014 06:12:58 PM DEBUG: StationsOnTheSameLine: Process run without error
01/11/2014 06:12:58 PM DEBUG: StationsOnTheSameLine: Process run without error
01/11/2014 06:12:58 PM DEBUG: StationsOnTheSameLine: Process run without error
01/11/2014 06:12:58 PM DEBUG: StationsOnTheSameLine: Process run without error
01/11/2014 06:12:58 PM DEBUG: StationsOnTheSameLine: Process run without error
01/11/2014 06:12:58 PM DEBUG: StationsOnTheSameLine: Process run without error
01/11/2014 06:12:58 PM DEBUG: StationsOnTheSameLine: Process run without error
01/11/2014 06:12:58 PM DEBUG: StationsOnTheSameLine: Process run without error
01/11/2014 06:12:58 PM DEBUG: StationsOnTheSameLine: Process run without error
01/11/2014 06:12:58 PM DEBUG: StationsOnTheSameLine: Process run without error
01/11/2014 06:12:58 PM DEBUG: StationsOnTheSameLine: Process run without error
01/11/2014 06:12:58 PM DEBUG: StationsOnTheSameLine: Process run without error
01/11/2014 06:12:58 PM DEBUG: StationsOnTheSameLine: Process run without error
01/11/2014 06:12:58 PM DEBUG: StationsOnTheSameLine: Process run without error
01/11/2014 06:12:58 PM DEBUG: StationsOnTheSameLine: Process run without error
01/11/2014 06:12:58 PM DEBUG: StationsOnTheSameLine: Process run without error
01/11/2014 06:12:58 PM DEBUG: StationsOnTheSameLine: Process run without error
01/11/2014 06:12:58 PM DEBUG: StationsOnTheSameLine: Process run without error
01/11/2014 06:12:58 PM DEBUG: StationsOnTheSameLine: Process run without error
01/11/2014 06:12:58 PM DEBUG: StationsOnTheSameLine: Process run without error
01/11/2014 06:12:58 PM DEBUG: StationsOnTheSameLine: Process run without error
01/11/2014 06:12:58 PM DEBUG: StationsOnTheSameLine: Process run without error
01/11/2014 06:12:58 PM DEBUG: StationsOnTheSameLine: Process run without error
01/11/2014 06:12:58 PM DEBUG: StationsOnTheSameLine: Process run without error
01/11/2014 06:12:58 PM DEBUG: StationsOnTheSameLine: Process run without error
01/11/2014 06:12:58 PM DEBUG: StationsOnTheSameLine: Process run without error
01/11/2014 06:12:58 PM DEBUG: StationsOnTheSameLine: Process run without error
01/11/2014 06:12:58 PM DEBUG: StationsOnTheSameLine: Process run without error
01/11/2014 06:12:58 PM DEBUG: StationsOnTheSameLine: Process run without error
01/11/2014 06:12:58 PM DEBUG: StationsOnTheSameLine: Process run without error
01/11/2014 06:12:58 PM DEBUG: StationsOnTheSameLine: Process run without error
01/11/2014 06:12:58 PM DEBUG: StationsOnTheSameLine: Process run without error
01/11/2014 06:12:58 PM DEBUG: StationsOnTheSameLine: Process run without error
01/11/2014 06:12:58 PM DEBUG: StationsOnTheSameLine: Process run without error
01/11/2014 06:12:58 PM DEBUG: StationsOnTheSameLine: Process run without error
01/11/2014 06:12:58 PM DEBUG: StationsOnTheSameLine: Process run without error
01/11/2014 06:12:58 PM DEBUG: StationsOnTheSameLine: Process run without error
01/11/2014 06:12:58 PM DEBUG: StationsOnTheSameLine: Process run without error
01/11/2014 06:12:58 PM DEBUG: StationsOnTheSameLine: Process run without error
01/11/2014 06:12:58 PM DEBUG: StationsOnTheSameLine: Process run without error
01/11/2014 06:12:58 PM DEBUG: StationsOnTheSameLine: Process run without error
01/11/2014 06:12:58 PM DEBUG: StationsOnTheSameLine: Process run without error
01/11/2014 06:12:58 PM DEBUG: StationsOnTheSameLine: Process run without error
01/11/2014 06:12:58 PM DEBUG: StationsOnTheSameLine: Process run without error
01/11/2014 06:12:58 PM DEBUG: StationsOnTheSameLine: Process run without error
01/11/2014 06:12:58 PM DEBUG: StationsOnTheSameLine: Process run without error
01/11/2014 06:12:58 PM DEBUG: StationsOnTheSameLine: Process run without error
01/11/2014 06:12:58 PM DEBUG: StationsOnTheSameLine: Process run without error
01/11/2014 06:12:58 PM DEBUG: StationsOnTheSameLine: Process run without error
01/11/2014 06:12:58 PM DEBUG: StationsOnTheSameLine: Process run without error
01/11/2014 06:12:58 PM DEBUG: StationsOnTheSameLine: Process run without error
01/11/2014 06:12:58 PM DEBUG: StationsOnTheSameLine: Process run without error
01/11/2014 06:12:58 PM DEBUG: StationsOnTheSameLine: Process run without error
01/11/2014 06:12:58 PM DEBUG: StationsOnTheSameLine: Process run without error
01/11/2014 06:12:58 PM DEBUG: StationsOnTheSameLine: Process run without error
01/11/2014 06:12:58 PM DEBUG: StationsOnTheSameLine: Process run without error
01/11/2014 06:12:58 PM DEBUG: StationsOnTheSameLine: Process run without error
01/11/2014 06:12:58 PM DEBUG: StationsOnTheSameLine: Process run without error
01/11/2014 06:12:58 PM DEBUG: StationsOnTheSameLine: Process run without error
01/11/2014 06:12:58 PM DEBUG: StationsOnTheSameLine: Process run without error
01/11/2014 06:12:58 PM DEBUG: StationsOnTheSameLine: Process run without error
01/11/2014 06:12:58 PM DEBUG: StationsOnTheSameLine: Process run without error
01/11/2014 06:12:58 PM DEBUG: StationsOnTheSameLine: Process run without error
01/11/2014 06:12:58 PM DEBUG: StationsOnTheSameLine: Process run without error
01/11/2014 06:12:58 PM DEBUG: StationsOnTheSameLine: Process run without error
01/11/2014 06:12:58 PM DEBUG: StationsOnTheSameLine: Process run without error
01/11/2014 06:12:58 PM DEBUG: StationsOnTheSameLine: Process run without error
01/11/2014 06:12:58 PM DEBUG: StationsOnTheSameLine: Process run without error
01/11/2014 06:12:58 PM DEBUG: StationsOnTheSameLine: Process run without error
01/11/2014 06:12:58 PM DEBUG: StationsOnTheSameLine: Process run without error
01/11/2014 06:12:58 PM DEBUG: StationsOnTheSameLine: Process run without error
01/11/2014 06:12:58 PM DEBUG: StationsOnTheSameLine: Process run without error
01/11/2014 06:12:58 PM DEBUG: StationsOnTheSameLine: Process run without error
01/11/2014 06:12:58 PM DEBUG: StationsOnTheSameLine: Process run without error
01/11/2014 06:12:58 PM DEBUG: StationsOnTheSameLine: Process run without error
01/11/2014 06:12:58 PM DEBUG: StationsOnTheSameLine: Process run without error
01/11/2014 06:12:58 PM DEBUG: StationsOnTheSameLine: Process run without error
01/11/2014 06:12:58 PM DEBUG: StationsOnTheSameLine: Process run without error
01/11/2014 06:12:58 PM DEBUG: StationsOnTheSameLine: Process run without error
01/11/2014 06:12:58 PM DEBUG: StationsOnTheSameLine: Process run without error
01/11/2014 06:12:58 PM DEBUG: StationsOnTheSameLine: Process run without error
01/11/2014 06:12:58 PM DEBUG: StationsOnTheSameLine: Process run without error
01/11/2014 06:12:58 PM DEBUG: StationsOnTheSameLine: Process run without error
01/11/2014 06:12:58 PM DEBUG: StationsOnTheSameLine: Process run without error
01/11/2014 06:12:58 PM DEBUG: StationsOnTheSameLine: Process run without error
01/11/2014 06:12:58 PM DEBUG: StationsOnTheSameLine: Process run without error
01/11/2014 06:12:58 PM DEBUG: StationsOnTheSameLine: Process run without error
01/11/2014 06:12:58 PM DEBUG: StationsOnTheSameLine: Process run without error
01/11/2014 06:12:58 PM DEBUG: StationsOnTheSameLine: Process run without error
01/11/2014 06:12:58 PM DEBUG: StationsOnTheSameLine: Process run without error
01/11/2014 06:12:58 PM DEBUG: StationsOnTheSameLine: Process run without error
01/11/2014 06:12:58 PM DEBUG: StationsOnTheSameLine: Process run without error
01/11/2014 06:12:58 PM DEBUG: StationsOnTheSameLine: Process run without error
01/11/2014 06:12:58 PM DEBUG: StationsOnTheSameLine: Process run without error
01/11/2014 06:12:58 PM DEBUG: StationsOnTheSameLine: Process run without error
01/11/2014 06:12:58 PM DEBUG: StationsOnTheSameLine: Process run without error
01/11/2014 06:12:58 PM DEBUG: StationsOnTheSameLine: Process run without error
01/11/2014 06:12:58 PM DEBUG: StationsOnTheSameLine: Process run without error
01/11/2014 06:12:58 PM DEBUG: StationsOnTheSameLine: Process run without error
01/11/2014 06:12:58 PM DEBUG: StationsOnTheSameLine: Process run without error
01/11/2014 06:12:58 PM DEBUG: StationsOnTheSameLine: Process run without error
01/11/2014 06:12:58 PM DEBUG: StationsOnTheSameLine: Process run without error
01/11/2014 06:12:58 PM DEBUG: StationsOnTheSameLine: Process run without error
01/11/2014 06:12:58 PM DEBUG: StationsOnTheSameLine: Process run without error
01/11/2014 06:12:58 PM DEBUG: StationsOnTheSameLine: Process run without error
01/11/2014 06:12:58 PM DEBUG: StationsOnTheSameLine: Process run without error
01/11/2014 06:12:58 PM DEBUG: StationsOnTheSameLine: Process run without error
01/11/2014 06:12:58 PM DEBUG: StationsOnTheSameLine: Process run without error
01/11/2014 06:12:58 PM DEBUG: StationsOnTheSameLine: Process run without error
01/11/2014 06:12:58 PM DEBUG: StationsOnTheSameLine: Process run without error
01/11/2014 06:12:58 PM DEBUG: StationsOnTheSameLine: Process run without error
01/11/2014 06:12:58 PM DEBUG: StationsOnTheSameLine: Process run without error
01/11/2014 06:12:58 PM DEBUG: StationsOnTheSameLine: Process run without error
01/11/2014 06:12:58 PM DEBUG: StationsOnTheSameLine: Process run without error
01/11/2014 06:12:58 PM DEBUG: StationsOnTheSameLine: Process run without error
01/11/2014 06:12:58 PM DEBUG: StationsOnTheSameLine: Process run without error
01/11/2014 06:12:58 PM DEBUG: StationsOnTheSameLine: Process run without error
01/11/2014 06:12:58 PM DEBUG: StationsOnTheSameLine: Process run without error
01/11/2014 06:12:58 PM DEBUG: StationsOnTheSameLine: Process run without error
01/11/2014 06:12:58 PM DEBUG: StationsOnTheSameLine: Process run without error
01/11/2014 06:12:58 PM DEBUG: StationsOnTheSameLine: Process run without error
01/11/2014 06:12:58 PM DEBUG: StationsOnTheSameLine: Process run without error
01/11/2014 06:12:58 PM DEBUG: StationsOnTheSameLine: Process run without error
01/11/2014 06:12:58 PM DEBUG: StationsOnTheSameLine: Process run without error
01/11/2014 06:12:58 PM DEBUG: StationsOnTheSameLine: Process run without error
01/11/2014 06:12:58 PM DEBUG: StationsOnTheSameLine: Process run without error
01/11/2014 06:12:58 PM DEBUG: StationsOnTheSameLine: Process run without error
01/11/2014 06:12:58 PM DEBUG: StationsOnTheSameLine: Process run without error
01/11/2014 06:12:58 PM DEBUG: StationsOnTheSameLine: Process run without error
01/11/2014 06:12:58 PM DEBUG: StationsOnTheSameLine: Process run without error
01/11/2014 06:12:58 PM DEBUG: StationsOnTheSameLine: Process run without error
01/11/2014 06:12:58 PM DEBUG: StationsOnTheSameLine: Process run without error
01/11/2014 06:12:58 PM DEBUG: StationsOnTheSameLine: Process run without error
01/11/2014 06:12:58 PM DEBUG: StationsOnTheSameLine: Process run without error
01/11/2014 06:12:58 PM DEBUG: StationsOnTheSameLine: Process run without error
01/11/2014 06:12:58 PM DEBUG: StationsOnTheSameLine: Process run without error
01/11/2014 06:12:58 PM DEBUG: StationsOnTheSameLine: Process run without error
01/11/2014 06:12:58 PM DEBUG: StationsOnTheSameLine: Process run without error
01/11/2014 06:12:58 PM DEBUG: StationsOnTheSameLine: Process run without error
01/11/2014 06:12:58 PM DEBUG: StationsOnTheSameLine: Process run without error
01/11/2014 06:12:58 PM DEBUG: StationsOnTheSameLine: Process run without error
01/11/2014 06:12:58 PM DEBUG: StationsOnTheSameLine: Process run without error
01/11/2014 06:12:58 PM DEBUG: StationsOnTheSameLine: Process run without error
01/11/2014 06:12:58 PM DEBUG: StationsOnTheSameLine: Process run without error
01/11/2014 06:12:58 PM DEBUG: StationsOnTheSameLine: Process run without error
01/11/2014 06:12:58 PM DEBUG: StationsOnTheSameLine: Process run without error
01/11/2014 06:12:58 PM DEBUG: StationsOnTheSameLine: Process run without error
01/11/2014 06:12:58 PM DEBUG: StationsOnTheSameLine: Process run without error
01/11/2014 06:12:58 PM DEBUG: StationsOnTheSameLine: Process run without error
01/11/2014 06:12:58 PM DEBUG: StationsOnTheSameLine: Process run without error
01/11/2014 06:12:58 PM DEBUG: StationsOnTheSameLine: Process run without error
01/11/2014 06:12:58 PM DEBUG: StationsOnTheSameLine: Process run without error
01/11/2014 06:12:58 PM DEBUG: StationsOnTheSameLine: Process run without error
01/11/2014 06:12:58 PM DEBUG: StationsOnTheSameLine: Process run without error
01/11/2014 06:12:58 PM DEBUG: StationsOnTheSameLine: Process run without error
01/11/2014 06:12:58 PM DEBUG: StationsOnTheSameLine: Process run without error
01/11/2014 06:12:58 PM DEBUG: StationsOnTheSameLine: Process run without error
01/11/2014 06:12:58 PM DEBUG: StationsOnTheSameLine: Process run without error
01/11/2014 06:12:58 PM DEBUG: StationsOnTheSameLine: Process run without error
01/11/2014 06:12:58 PM DEBUG: StationsOnTheSameLine: Process run without error
01/11/2014 06:12:58 PM DEBUG: StationsOnTheSameLine: Process run without error
01/11/2014 06:12:58 PM DEBUG: StationsOnTheSameLine: Process run without error
01/11/2014 06:12:58 PM DEBUG: StationsOnTheSameLine: Process run without error
01/11/2014 06:12:58 PM DEBUG: StationsOnTheSameLine: Process run without error
01/11/2014 06:12:58 PM DEBUG: StationsOnTheSameLine: Process run without error
01/11/2014 06:12:58 PM DEBUG: StationsOnTheSameLine: Process run without error
01/11/2014 06:12:58 PM DEBUG: StationsOnTheSameLine: Process run without error
01/11/2014 06:12:58 PM DEBUG: StationsOnTheSameLine: Process run without error
01/11/2014 06:12:58 PM DEBUG: StationsOnTheSameLine: Process run without error
01/11/2014 06:12:58 PM DEBUG: StationsOnTheSameLine: Process run without error
01/11/2014 06:12:58 PM DEBUG: StationsOnTheSameLine: Process run without error
01/11/2014 06:12:58 PM DEBUG: GetLengthOfRoute: Process run without error
01/11/2014 06:12:58 PM DEBUG: GetLengthOfRoute: RouteLength: 1266.203
01/11/2014 06:12:58 PM DEBUG: StartStation: MORDEN
01/11/2014 06:12:58 PM DEBUG: Iteration 1 of 1
01/11/2014 06:12:58 PM DEBUG: Current Route Time: 1266.203
01/11/2014 06:12:58 PM DEBUG: Current Shortest Time: 1120.505
01/11/2014 06:12:58 PM DEBUG: Current Shortest Route: 
[]
01/11/2014 06:12:58 PM DEBUG: InsertHistogramIntoDatabase: Histrogram inserted into table without error
01/11/2014 06:12:58 PM DEBUG: TubeChallenge: ShortestRoute: []
01/11/2014 06:12:58 PM INFO: ShortestRouteTime: 1120.505
01/11/2014 06:12:58 PM INFO: TubeChallenge: Number of iterations: 1
01/11/2014 06:12:58 PM DEBUG: PerformanceHistogram: 
{2560: 0, 3840: 0, 2050: 0, 1540: 0, 3670: 0, 1030: 0, 3080: 0, 3500: 0, 2570: 0, 2060: 0, 1550: 0, 1040: 0, 3090: 0, 2580: 0, 2070: 0, 1560: 0, 1050: 0, 3100: 0, 3930: 0, 2590: 0, 2080: 0, 3760: 0, 1570: 0, 1060: 0, 3590: 0, 3110: 0, 2600: 0, 2090: 0, 1580: 0, 1070: 0, 3120: 0, 2610: 0, 2100: 0, 1590: 0, 1080: 0, 3130: 0, 2620: 0, 3850: 0, 2110: 0, 1600: 0, 3680: 0, 1090: 0, 3140: 0, 3510: 0, 2630: 0, 2120: 0, 1610: 0, 1100: 0, 3150: 0, 2640: 0, 2130: 0, 1620: 0, 1110: 0, 3160: 0, 3940: 0, 2650: 0, 2140: 0, 3770: 0, 1630: 0, 1120: 0, 3600: 0, 3170: 0, 2660: 0, 2150: 0, 1640: 0, 1130: 0, 3180: 0, 2670: 0, 2160: 0, 1650: 0, 1140: 0, 3190: 0, 2680: 0, 3860: 0, 2170: 0, 1660: 0, 3690: 0, 1150: 0, 3200: 0, 3520: 0, 2690: 0, 2180: 0, 1670: 0, 1160: 0, 3210: 0, 2700: 0, 2190: 0, 1680: 0, 1170: 0, 3220: 0, 3950: 0, 2710: 0, 2200: 0, 3780: 0, 1690: 0, 1180: 0, 3610: 0, 3230: 0, 2720: 0, 2210: 0, 1700: 0, 1190: 0, 3240: 0, 2730: 0, 2220: 0, 1710: 0, 1200: 0, 3250: 0, 2740: 0, 3870: 0, 2230: 0, 1720: 0, 3700: 0, 1210: 0, 3260: 0, 3530: 0, 2750: 0, 2240: 0, 1730: 0, 1220: 0, 3270: 0, 2760: 0, 2250: 0, 1740: 0, 1230: 0, 3280: 0, 3960: 0, 2770: 0, 2260: 0, 3790: 0, 1750: 0, 1240: 0, 3620: 0, 3290: 0, 2780: 0, 2270: 0, 1760: 0, 1250: 0, 3300: 0, 2790: 0, 2280: 0, 1770: 0, 1260: 0, 3310: 0, 2800: 0, 3880: 0, 2290: 0, 1780: 0, 3710: 0, 1270: 1, 3320: 0, 3540: 0, 2810: 0, 2300: 0, 1790: 0, 1280: 0, 3330: 0, 2820: 0, 2310: 0, 1800: 0, 1290: 0, 3340: 0, 3970: 0, 2830: 0, 2320: 0, 3800: 0, 1810: 0, 1300: 0, 3630: 0, 3350: 0, 2840: 0, 3460: 0, 2330: 0, 1820: 0, 1310: 0, 3360: 0, 2850: 0, 2340: 0, 1830: 0, 1320: 0, 3370: 0, 2860: 0, 3890: 0, 2350: 0, 1840: 0, 3720: 0, 1330: 0, 3380: 0, 3550: 0, 2870: 0, 2360: 0, 1850: 0, 1340: 0, 3390: 0, 2880: 0, 2370: 0, 1860: 0, 1350: 0, 3400: 0, 3980: 0, 2890: 0, 2380: 0, 3810: 0, 1870: 0, 1360: 0, 3640: 0, 3410: 0, 2900: 0, 3470: 0, 2390: 0, 1880: 0, 1370: 0, 3420: 0, 2910: 0, 2400: 0, 1890: 0, 1380: 0, 3430: 0, 2920: 0, 3900: 0, 2410: 0, 1900: 0, 3730: 0, 1390: 0, 3440: 0, 3560: 0, 2930: 0, 2420: 0, 1910: 0, 1400: 0, 3450: 0, 2940: 0, 2430: 0, 1920: 0, 1410: 0, 900: 0, 3990: 0, 2950: 0, 2440: 0, 3820: 0, 1930: 0, 1420: 0, 3650: 0, 910: 0, 2960: 0, 3480: 0, 2450: 0, 1940: 0, 1430: 0, 920: 0, 2970: 0, 2460: 0, 1950: 0, 1440: 0, 930: 0, 2980: 0, 3910: 0, 2470: 0, 1960: 0, 3740: 0, 1450: 0, 940: 0, 3570: 0, 2990: 0, 2480: 0, 1970: 0, 1460: 0, 950: 0, 3000: 0, 2490: 0, 1980: 0, 1470: 0, 960: 0, 3010: 0, 2500: 0, 3830: 0, 1990: 0, 1480: 0, 3660: 0, 970: 0, 3020: 0, 3490: 0, 2510: 0, 2000: 0, 1490: 0, 980: 0, 3030: 0, 2520: 0, 2010: 0, 1500: 0, 990: 0, 3040: 0, 3920: 0, 2530: 0, 2020: 0, 3750: 0, 1510: 0, 1000: 0, 3580: 0, 3050: 0, 2540: 0, 2030: 0, 1520: 0, 1010: 0, 3060: 0, 2550: 0, 2040: 0, 1530: 0, 1020: 0, 3070: 0}
01/11/2014 06:12:58 PM INFO: TubeChallenge - END
